<?xml version="1.0" encoding="UTF-8"?>
<!-- Generated by org.testng.reporters.JUnitReportReporter -->
<testsuite hostname="EC-L-DH3X1B3" failures="0" tests="2" name="tests.ContactFormTest" time="54.906" errors="0" timestamp="2025-07-25T09:35:35 IST" skipped="0">
  <testcase classname="tests.ContactFormTest" name="testContactForm" time="28.221"/>
  <testcase classname="tests.ContactFormTest" name="testContactForm" time="26.685"/>
</testsuite> <!-- tests.ContactFormTest -->
